Using pre-set license
Built from '2020.3/staging' branch; Version is '2020.3.6f1 (338bb68529b2) revision 3378102'; Using compiler version '192528614'; Build Type 'Release'
OS: 'Windows 10 Pro; OS build 19042.985; Version 2009; 64bit' Language: 'en' Physical Memory: 32686 MB
BatchMode: 1, IsHumanControllingUs: 0, StartBugReporterOnCrash: 0, Is64bit: 1, IsPro: 0

 COMMAND LINE ARGUMENTS:
C:\Program Files\Unity\Hub\Editor\2020.3.6f1\Editor\Unity.exe
-adb2
-batchMode
-noUpm
-name
AssetImportWorker0
-projectPath
C:/Users/Holt/Documents/Unity/PROYECTO 2ªEV/Pink_Girl_Adventures
-logFile
Logs/AssetImportWorker0.log
-srvPort
50428
Successfully changed project path to: C:/Users/Holt/Documents/Unity/PROYECTO 2ªEV/Pink_Girl_Adventures
C:/Users/Holt/Documents/Unity/PROYECTO 2ªEV/Pink_Girl_Adventures
Using Asset Import Pipeline V2.
Refreshing native plugins compatible for Editor in 38.31 ms, found 1 plugins.
Preloading 0 native plugins for Editor in 0.00 ms.
Initialize engine version: 2020.3.6f1 (338bb68529b2)
[Subsystems] Discovering subsystems at path C:/Program Files/Unity/Hub/Editor/2020.3.6f1/Editor/Data/Resources/UnitySubsystems
[Subsystems] Discovering subsystems at path C:/Users/Holt/Documents/Unity/PROYECTO 2ªEV/Pink_Girl_Adventures/Assets
GfxDevice: creating device client; threaded=0
Direct3D:
    Version:  Direct3D 11.0 [level 11.1]
    Renderer: NVIDIA GeForce RTX 3070 (ID=0x2484)
    Vendor:   
    VRAM:     8043 MB
    Driver:   27.21.14.6647
Initialize mono
Mono path[0] = 'C:/Program Files/Unity/Hub/Editor/2020.3.6f1/Editor/Data/Managed'
Mono path[1] = 'C:/Program Files/Unity/Hub/Editor/2020.3.6f1/Editor/Data/MonoBleedingEdge/lib/mono/unityjit'
Mono config path = 'C:/Program Files/Unity/Hub/Editor/2020.3.6f1/Editor/Data/MonoBleedingEdge/etc'
Using monoOptions --debugger-agent=transport=dt_socket,embedding=1,server=y,suspend=n,address=127.0.0.1:56852
Begin MonoManager ReloadAssembly
Registering precompiled unity dll's ...
Register platform support module: C:/Program Files/Unity/Hub/Editor/2020.3.6f1/Editor/Data/PlaybackEngines/WindowsStandaloneSupport/UnityEditor.WindowsStandalone.Extensions.dll
Registered in 0.001983 seconds.
Native extension for WindowsStandalone target not found
Refreshing native plugins compatible for Editor in 37.20 ms, found 1 plugins.
Preloading 0 native plugins for Editor in 0.00 ms.
Mono: successfully reloaded assembly
- Completed reload, in  0.989 seconds
Platform modules already initialized, skipping
Registering precompiled user dll's ...
Registered in 0.000960 seconds.
Begin MonoManager ReloadAssembly
Native extension for WindowsStandalone target not found
Refreshing native plugins compatible for Editor in 36.68 ms, found 1 plugins.
Preloading 0 native plugins for Editor in 0.00 ms.
Mono: successfully reloaded assembly
- Completed reload, in  0.857 seconds
Platform modules already initialized, skipping
========================================================================
Worker process is ready to serve import requests
Launched and connected shader compiler UnityShaderCompiler.exe after 0.05 seconds
Refreshing native plugins compatible for Editor in 0.57 ms, found 1 plugins.
Preloading 0 native plugins for Editor in 0.00 ms.
Unloading 1971 Unused Serialized files (Serialized files now loaded: 0)
System memory in use before: 90.7 MB.
System memory in use after: 90.7 MB.

Unloading 24 unused Assets to reduce memory usage. Loaded Objects now: 2416.
Total: 2.090800 ms (FindLiveObjects: 0.272000 ms CreateObjectMapping: 0.041500 ms MarkObjects: 1.673000 ms  DeleteObjects: 0.103100 ms)

========================================================================
Received Import Request.
  path: Assets/Scenes/BossScene.unity
  artifactKey: Guid(3f7ef8fe07ccc424887ed1c5452555e5) Importer(815301076,1909f56bfc062723c751e8b465ee728b)
Start importing Assets/Scenes/BossScene.unity using Guid(3f7ef8fe07ccc424887ed1c5452555e5) Importer(815301076,1909f56bfc062723c751e8b465ee728b)  -> (artifact id: 'f7c58592ac70dce2dba8080c588f5c09') in 0.012336 seconds
  Import took 0.015716 seconds .

========================================================================
Received Import Request.
  Time since last request: 2583.560717 seconds.
  path: Assets/Prefabs/Collectibles/coin.prefab
  artifactKey: Guid(a211e17e9eb460541862902c0957f53c) Importer(815301076,1909f56bfc062723c751e8b465ee728b)
Start importing Assets/Prefabs/Collectibles/coin.prefab using Guid(a211e17e9eb460541862902c0957f53c) Importer(815301076,1909f56bfc062723c751e8b465ee728b)  -> (artifact id: '56c8c1fb10b67e0af30a34e18f14d0ad') in 0.083643 seconds
  Import took 0.087394 seconds .

========================================================================
Received Import Request.
  Time since last request: 67.913812 seconds.
  path: ProjectSettings/TagManager.asset
  artifactKey: Guid(00000000000000003000000000000000) Importer(815301076,1909f56bfc062723c751e8b465ee728b)
Start importing ProjectSettings/TagManager.asset using Guid(00000000000000003000000000000000) Importer(815301076,1909f56bfc062723c751e8b465ee728b)  -> (artifact id: 'b6714c9bd61629451c3303299ee57472') in 0.003465 seconds
  Import took 0.006127 seconds .

AssetImportWorkerClient::OnTransportError - code=2 error=End of file
